# JRE version: Java(TM) SE Runtime Environment (18.0.2.1+1) (build 18.0.2.1+1-1)
# Java VM: Java HotSpot(TM) 64-Bit Server VM (18.0.2.1+1-1, mixed mode, sharing, tiered, compressed oops, compressed class ptrs, g1 gc, windows-amd64)
GC Precious Log:
 CardTable entry size: 512
 Card Set container configuration: InlinePtr #cards 5 size 8 Array Of Cards #cards 12 size 40 Howl #buckets 4 coarsen threshold 1843 Howl Bitmap #cards 512 size 80 coarsen threshold 460 Card regions per heap region 1 cards per card region 2048
 CPUs: 4 total, 4 available
 Memory: 3738M
 Large Page Support: Disabled
 NUMA Support: Disabled
 Compressed Oops: Enabled (32-bit)
 Heap Region Size: 1M
 Heap Min Capacity: 8M
 Heap Initial Capacity: 60M
 Heap Max Capacity: 936M
 Pre-touch: Disabled
 Parallel Workers: 4
 Concurrent Workers: 1
 Concurrent Refinement Workers: 4
 Periodic GC: Disabled
Heap:
 garbage-first heap   total 61440K, used 11450K [0x00000000c5800000, 0x0000000100000000)
  region size 1024K, 5 young (5120K), 4 survivors (4096K)
 Metaspace       used 19665K, committed 19904K, reserved 1114112K
  class space    used 2350K, committed 2496K, reserved 1048576K
GC Heap History (8 events):
Event: 1.838 GC heap before
{Heap before GC invocations=0 (full 0):
 garbage-first heap   total 61440K, used 14336K [0x00000000c5800000, 0x0000000100000000)
  region size 1024K, 13 young (13312K), 0 survivors (0K)
 Metaspace       used 6023K, committed 6272K, reserved 1114112K
  class space    used 623K, committed 768K, reserved 1048576K
}
Event: 1.854 GC heap after
{Heap after GC invocations=1 (full 0):
 garbage-first heap   total 61440K, used 6389K [0x00000000c5800000, 0x0000000100000000)
  region size 1024K, 2 young (2048K), 2 survivors (2048K)
 Metaspace       used 6023K, committed 6272K, reserved 1114112K
  class space    used 623K, committed 768K, reserved 1048576K
}
Event: 2.201 GC heap before
{Heap before GC invocations=1 (full 0):
 garbage-first heap   total 61440K, used 17653K [0x00000000c5800000, 0x0000000100000000)
  region size 1024K, 13 young (13312K), 2 survivors (2048K)
 Metaspace       used 8068K, committed 8320K, reserved 1114112K
  class space    used 894K, committed 1024K, reserved 1048576K
}
Event: 2.203 GC heap after
{Heap after GC invocations=2 (full 0):
 garbage-first heap   total 61440K, used 7566K [0x00000000c5800000, 0x0000000100000000)
  region size 1024K, 1 young (1024K), 1 survivors (1024K)
 Metaspace       used 8068K, committed 8320K, reserved 1114112K
  class space    used 894K, committed 1024K, reserved 1048576K
}
Event: 2.566 GC heap before
{Heap before GC invocations=2 (full 0):
 garbage-first heap   total 61440K, used 24974K [0x00000000c5800000, 0x0000000100000000)
  region size 1024K, 19 young (19456K), 1 survivors (1024K)
 Metaspace       used 12648K, committed 12992K, reserved 1114112K
  class space    used 1506K, committed 1664K, reserved 1048576K
}
Event: 2.569 GC heap after
{Heap after GC invocations=3 (full 0):
 garbage-first heap   total 61440K, used 8975K [0x00000000c5800000, 0x0000000100000000)
  region size 1024K, 3 young (3072K), 3 survivors (3072K)
 Metaspace       used 12648K, committed 12992K, reserved 1114112K
  class space    used 1506K, committed 1664K, reserved 1048576K
}
Event: 3.056 GC heap before
{Heap before GC invocations=3 (full 0):
 garbage-first heap   total 61440K, used 37647K [0x00000000c5800000, 0x0000000100000000)
  region size 1024K, 32 young (32768K), 3 survivors (3072K)
 Metaspace       used 19592K, committed 19840K, reserved 1114112K
  class space    used 2344K, committed 2496K, reserved 1048576K
}
Event: 3.061 GC heap after
{Heap after GC invocations=4 (full 0):
 garbage-first heap   total 61440K, used 11450K [0x00000000c5800000, 0x0000000100000000)
  region size 1024K, 4 young (4096K), 4 survivors (4096K)
 Metaspace       used 19592K, committed 19840K, reserved 1114112K
  class space    used 2344K, committed 2496K, reserved 1048576K
}

